<?xml version="1.0" encoding="UTF-8"?>
<!-- Generated by org.testng.reporters.JUnitXMLReporter -->
<testsuite hostname="Rishi-PC" name="Test" tests="1" failures="1" timestamp="16 Feb 2019 21:01:58 GMT" time="0.038" errors="0">
  <testcase name="setup" time="0.015" classname="crossBrowser.VerifyTitle">
    <failure type="java.lang.NullPointerException">
      <![CDATA[java.lang.NullPointerException
	at crossBrowser.VerifyTitle.setup(VerifyTitle.java:29)
... Removed 24 stack frames]]>
    </failure>
  </testcase> <!-- setup -->
</testsuite> <!-- Test -->
